# JRE version: OpenJDK Runtime Environment (17.0.9) (build 17.0.9+0--11185874)
# Java VM: OpenJDK 64-Bit Server VM (17.0.9+0--11185874, mixed mode, tiered, compressed oops, compressed class ptrs, g1 gc, windows-amd64)
GC Precious Log:
 CPUs: 8 total, 8 available
 Memory: 16275M
 Large Page Support: Disabled
 NUMA Support: Disabled
 Compressed Oops: Enabled (Zero based)
 Heap Region Size: 2M
 Heap Min Capacity: 8M
 Heap Initial Capacity: 256M
 Heap Max Capacity: 4070M
 Pre-touch: Disabled
 Parallel Workers: 8
 Concurrent Workers: 2
 Concurrent Refinement Workers: 8
 Periodic GC: Disabled
Heap:
 garbage-first heap   total 155648K, used 66137K [0x0000000701a00000, 0x0000000800000000)
  region size 2048K, 1 young (2048K), 1 survivors (2048K)
 Metaspace       used 66900K, committed 67264K, reserved 1114112K
  class space    used 7634K, committed 7808K, reserved 1048576K
GC Heap History (20 events):
Event: 2.490 GC heap after
{Heap after GC invocations=6 (full 0):
 garbage-first heap   total 55296K, used 20751K [0x0000000701a00000, 0x0000000800000000)
  region size 2048K, 2 young (4096K), 2 survivors (4096K)
 Metaspace       used 30048K, committed 30208K, reserved 1114112K
  class space    used 3807K, committed 3840K, reserved 1048576K
}
Event: 2.923 GC heap before
{Heap before GC invocations=6 (full 0):
 garbage-first heap   total 55296K, used 37135K [0x0000000701a00000, 0x0000000800000000)
  region size 2048K, 11 young (22528K), 2 survivors (4096K)
 Metaspace       used 33807K, committed 33984K, reserved 1114112K
  class space    used 4132K, committed 4224K, reserved 1048576K
}
Event: 2.930 GC heap after
{Heap after GC invocations=7 (full 0):
 garbage-first heap   total 159744K, used 22718K [0x0000000701a00000, 0x0000000800000000)
  region size 2048K, 1 young (2048K), 1 survivors (2048K)
 Metaspace       used 33807K, committed 33984K, reserved 1114112K
  class space    used 4132K, committed 4224K, reserved 1048576K
}
Event: 3.117 GC heap before
{Heap before GC invocations=7 (full 0):
 garbage-first heap   total 159744K, used 32958K [0x0000000701a00000, 0x0000000800000000)
  region size 2048K, 7 young (14336K), 1 survivors (2048K)
 Metaspace       used 35775K, committed 35968K, reserved 1114112K
  class space    used 4334K, committed 4416K, reserved 1048576K
}
Event: 3.120 GC heap after
{Heap after GC invocations=8 (full 0):
 garbage-first heap   total 159744K, used 23510K [0x0000000701a00000, 0x0000000800000000)
  region size 2048K, 2 young (4096K), 2 survivors (4096K)
 Metaspace       used 35775K, committed 35968K, reserved 1114112K
  class space    used 4334K, committed 4416K, reserved 1048576K
}
Event: 4.165 GC heap before
{Heap before GC invocations=9 (full 0):
 garbage-first heap   total 96256K, used 76758K [0x0000000701a00000, 0x0000000800000000)
  region size 2048K, 28 young (57344K), 2 survivors (4096K)
 Metaspace       used 43044K, committed 43328K, reserved 1114112K
  class space    used 5190K, committed 5312K, reserved 1048576K
}
Event: 4.176 GC heap after
{Heap after GC invocations=10 (full 0):
 garbage-first heap   total 96256K, used 29376K [0x0000000701a00000, 0x0000000800000000)
  region size 2048K, 4 young (8192K), 4 survivors (8192K)
 Metaspace       used 43044K, committed 43328K, reserved 1114112K
  class space    used 5190K, committed 5312K, reserved 1048576K
}
Event: 4.207 GC heap before
{Heap before GC invocations=10 (full 0):
 garbage-first heap   total 96256K, used 29376K [0x0000000701a00000, 0x0000000800000000)
  region size 2048K, 5 young (10240K), 4 survivors (8192K)
 Metaspace       used 43467K, committed 43712K, reserved 1114112K
  class space    used 5230K, committed 5312K, reserved 1048576K
}
Event: 4.215 GC heap after
{Heap after GC invocations=11 (full 0):
 garbage-first heap   total 96256K, used 30182K [0x0000000701a00000, 0x0000000800000000)
  region size 2048K, 1 young (2048K), 1 survivors (2048K)
 Metaspace       used 43467K, committed 43712K, reserved 1114112K
  class space    used 5230K, committed 5312K, reserved 1048576K
}
Event: 4.714 GC heap before
{Heap before GC invocations=11 (full 0):
 garbage-first heap   total 96256K, used 67046K [0x0000000701a00000, 0x0000000800000000)
  region size 2048K, 19 young (38912K), 1 survivors (2048K)
 Metaspace       used 46032K, committed 46272K, reserved 1114112K
  class space    used 5504K, committed 5568K, reserved 1048576K
}
Event: 4.722 GC heap after
{Heap after GC invocations=12 (full 0):
 garbage-first heap   total 155648K, used 34093K [0x0000000701a00000, 0x0000000800000000)
  region size 2048K, 3 young (6144K), 3 survivors (6144K)
 Metaspace       used 46032K, committed 46272K, reserved 1114112K
  class space    used 5504K, committed 5568K, reserved 1048576K
}
Event: 6.526 GC heap before
{Heap before GC invocations=12 (full 0):
 garbage-first heap   total 155648K, used 105773K [0x0000000701a00000, 0x0000000800000000)
  region size 2048K, 38 young (77824K), 3 survivors (6144K)
 Metaspace       used 52497K, committed 52736K, reserved 1114112K
  class space    used 6227K, committed 6336K, reserved 1048576K
}
Event: 6.546 GC heap after
{Heap after GC invocations=13 (full 0):
 garbage-first heap   total 155648K, used 44278K [0x0000000701a00000, 0x0000000800000000)
  region size 2048K, 5 young (10240K), 5 survivors (10240K)
 Metaspace       used 52497K, committed 52736K, reserved 1114112K
  class space    used 6227K, committed 6336K, reserved 1048576K
}
Event: 8.026 GC heap before
{Heap before GC invocations=13 (full 0):
 garbage-first heap   total 155648K, used 107766K [0x0000000701a00000, 0x0000000800000000)
  region size 2048K, 36 young (73728K), 5 survivors (10240K)
 Metaspace       used 55715K, committed 55936K, reserved 1114112K
  class space    used 6497K, committed 6592K, reserved 1048576K
}
Event: 8.043 GC heap after
{Heap after GC invocations=14 (full 0):
 garbage-first heap   total 155648K, used 53573K [0x0000000701a00000, 0x0000000800000000)
  region size 2048K, 5 young (10240K), 5 survivors (10240K)
 Metaspace       used 55715K, committed 55936K, reserved 1114112K
  class space    used 6497K, committed 6592K, reserved 1048576K
}
Event: 9.297 GC heap before
{Heap before GC invocations=14 (full 0):
 garbage-first heap   total 155648K, used 102725K [0x0000000701a00000, 0x0000000800000000)
  region size 2048K, 30 young (61440K), 5 survivors (10240K)
 Metaspace       used 59891K, committed 60160K, reserved 1114112K
  class space    used 6894K, committed 7040K, reserved 1048576K
}
Event: 9.314 GC heap after
{Heap after GC invocations=15 (full 0):
 garbage-first heap   total 155648K, used 57886K [0x0000000701a00000, 0x0000000800000000)
  region size 2048K, 3 young (6144K), 3 survivors (6144K)
 Metaspace       used 59891K, committed 60160K, reserved 1114112K
  class space    used 6894K, committed 7040K, reserved 1048576K
}
Event: 11.233 GC heap before
{Heap before GC invocations=16 (full 0):
 garbage-first heap   total 155648K, used 115230K [0x0000000701a00000, 0x0000000800000000)
  region size 2048K, 31 young (63488K), 3 survivors (6144K)
 Metaspace       used 66749K, committed 67136K, reserved 1114112K
  class space    used 7614K, committed 7808K, reserved 1048576K
}
Event: 11.255 GC heap after
{Heap after GC invocations=17 (full 0):
 garbage-first heap   total 155648K, used 65266K [0x0000000701a00000, 0x0000000800000000)
  region size 2048K, 4 young (8192K), 4 survivors (8192K)
 Metaspace       used 66749K, committed 67136K, reserved 1114112K
  class space    used 7614K, committed 7808K, reserved 1048576K
}
Event: 11.385 GC heap before
{Heap before GC invocations=17 (full 0):
 garbage-first heap   total 155648K, used 67314K [0x0000000701a00000, 0x0000000800000000)
  region size 2048K, 5 young (10240K), 4 survivors (8192K)
 Metaspace       used 66900K, committed 67264K, reserved 1114112K
  class space    used 7634K, committed 7808K, reserved 1048576K
}

